{"C:\\Users\\Kane\\Desktop\\WEBS5_BP\\WEBS5_BierPlezier\\app.js":{"path":"C:\\Users\\Kane\\Desktop\\WEBS5_BP\\WEBS5_BierPlezier\\app.js","s":{"1":1,"2":1,"3":1,"4":1,"5":1,"6":1,"7":1,"8":1,"9":1,"10":1,"11":1,"12":1,"13":1,"14":0,"15":1,"16":1,"17":1,"18":1,"19":1,"20":1,"21":1,"22":1,"23":1,"24":1,"25":1,"26":1,"27":1,"28":1,"29":1,"30":1,"31":1,"32":1,"33":1,"34":1,"35":1,"36":1,"37":1,"38":30,"39":30,"40":30,"41":30,"42":30,"43":0,"44":30,"45":0,"46":30,"47":0,"48":30,"49":1,"50":1,"51":1,"52":1,"53":0,"54":0,"55":0,"56":1,"57":0,"58":0,"59":0,"60":1,"61":0,"62":0,"63":1},"b":{"1":[1,0],"2":[0,30],"3":[0,30],"4":[0,30],"5":[0,1],"6":[0,0],"7":[0,0]},"f":{"1":30,"2":0,"3":0,"4":0},"fnMap":{"1":{"name":"(anonymous_1)","line":56,"loc":{"start":{"line":56,"column":8},"end":{"line":56,"column":32}}},"2":{"name":"(anonymous_2)","line":77,"loc":{"start":{"line":77,"column":8},"end":{"line":77,"column":33}}},"3":{"name":"(anonymous_3)","line":85,"loc":{"start":{"line":85,"column":10},"end":{"line":85,"column":40}}},"4":{"name":"(anonymous_4)","line":94,"loc":{"start":{"line":94,"column":8},"end":{"line":94,"column":38}}}},"statementMap":{"1":{"start":{"line":1,"column":0},"end":{"line":1,"column":33}},"2":{"start":{"line":2,"column":0},"end":{"line":2,"column":27}},"3":{"start":{"line":3,"column":0},"end":{"line":3,"column":39}},"4":{"start":{"line":4,"column":0},"end":{"line":4,"column":31}},"5":{"start":{"line":5,"column":0},"end":{"line":5,"column":44}},"6":{"start":{"line":6,"column":0},"end":{"line":6,"column":40}},"7":{"start":{"line":7,"column":0},"end":{"line":7,"column":35}},"8":{"start":{"line":8,"column":0},"end":{"line":8,"column":43}},"9":{"start":{"line":10,"column":0},"end":{"line":10,"column":20}},"10":{"start":{"line":12,"column":0},"end":{"line":12,"column":21}},"11":{"start":{"line":13,"column":0},"end":{"line":17,"column":1}},"12":{"start":{"line":14,"column":17},"end":{"line":14,"column":51}},"13":{"start":{"line":15,"column":8},"end":{"line":15,"column":14}},"14":{"start":{"line":16,"column":13},"end":{"line":16,"column":54}},"15":{"start":{"line":18,"column":0},"end":{"line":18,"column":35}},"16":{"start":{"line":20,"column":0},"end":{"line":20,"column":39}},"17":{"start":{"line":21,"column":0},"end":{"line":21,"column":36}},"18":{"start":{"line":22,"column":0},"end":{"line":22,"column":22}},"19":{"start":{"line":24,"column":0},"end":{"line":24,"column":52}},"20":{"start":{"line":25,"column":0},"end":{"line":25,"column":52}},"21":{"start":{"line":26,"column":0},"end":{"line":26,"column":60}},"22":{"start":{"line":28,"column":0},"end":{"line":28,"column":40}},"23":{"start":{"line":29,"column":0},"end":{"line":29,"column":56}},"24":{"start":{"line":31,"column":0},"end":{"line":31,"column":48}},"25":{"start":{"line":32,"column":0},"end":{"line":32,"column":53}},"26":{"start":{"line":33,"column":0},"end":{"line":33,"column":39}},"27":{"start":{"line":35,"column":0},"end":{"line":35,"column":47}},"28":{"start":{"line":36,"column":0},"end":{"line":36,"column":48}},"29":{"start":{"line":37,"column":0},"end":{"line":37,"column":31}},"30":{"start":{"line":39,"column":0},"end":{"line":39,"column":23}},"31":{"start":{"line":40,"column":0},"end":{"line":40,"column":24}},"32":{"start":{"line":41,"column":0},"end":{"line":41,"column":27}},"33":{"start":{"line":42,"column":0},"end":{"line":42,"column":52}},"34":{"start":{"line":43,"column":0},"end":{"line":51,"column":4}},"35":{"start":{"line":52,"column":0},"end":{"line":52,"column":31}},"36":{"start":{"line":53,"column":0},"end":{"line":53,"column":28}},"37":{"start":{"line":56,"column":0},"end":{"line":70,"column":3}},"38":{"start":{"line":57,"column":2},"end":{"line":59,"column":36}},"39":{"start":{"line":61,"column":2},"end":{"line":61,"column":27}},"40":{"start":{"line":62,"column":2},"end":{"line":62,"column":29}},"41":{"start":{"line":63,"column":2},"end":{"line":63,"column":28}},"42":{"start":{"line":65,"column":2},"end":{"line":65,"column":34}},"43":{"start":{"line":65,"column":11},"end":{"line":65,"column":34}},"44":{"start":{"line":66,"column":2},"end":{"line":66,"column":35}},"45":{"start":{"line":66,"column":11},"end":{"line":66,"column":35}},"46":{"start":{"line":67,"column":2},"end":{"line":67,"column":44}},"47":{"start":{"line":67,"column":15},"end":{"line":67,"column":44}},"48":{"start":{"line":69,"column":2},"end":{"line":69,"column":9}},"49":{"start":{"line":72,"column":0},"end":{"line":72,"column":21}},"50":{"start":{"line":73,"column":0},"end":{"line":73,"column":25}},"51":{"start":{"line":74,"column":0},"end":{"line":74,"column":25}},"52":{"start":{"line":77,"column":0},"end":{"line":81,"column":3}},"53":{"start":{"line":78,"column":2},"end":{"line":78,"column":35}},"54":{"start":{"line":79,"column":2},"end":{"line":79,"column":19}},"55":{"start":{"line":80,"column":2},"end":{"line":80,"column":12}},"56":{"start":{"line":84,"column":0},"end":{"line":92,"column":1}},"57":{"start":{"line":85,"column":2},"end":{"line":91,"column":5}},"58":{"start":{"line":86,"column":4},"end":{"line":86,"column":34}},"59":{"start":{"line":87,"column":4},"end":{"line":90,"column":7}},"60":{"start":{"line":94,"column":0},"end":{"line":100,"column":3}},"61":{"start":{"line":95,"column":2},"end":{"line":95,"column":32}},"62":{"start":{"line":96,"column":2},"end":{"line":99,"column":5}},"63":{"start":{"line":102,"column":0},"end":{"line":102,"column":21}}},"branchMap":{"1":{"line":13,"type":"switch","locations":[{"start":{"line":14,"column":4},"end":{"line":15,"column":14}},{"start":{"line":16,"column":4},"end":{"line":16,"column":54}}]},"2":{"line":65,"type":"if","locations":[{"start":{"line":65,"column":2},"end":{"line":65,"column":2}},{"start":{"line":65,"column":2},"end":{"line":65,"column":2}}]},"3":{"line":66,"type":"if","locations":[{"start":{"line":66,"column":2},"end":{"line":66,"column":2}},{"start":{"line":66,"column":2},"end":{"line":66,"column":2}}]},"4":{"line":67,"type":"if","locations":[{"start":{"line":67,"column":2},"end":{"line":67,"column":2}},{"start":{"line":67,"column":2},"end":{"line":67,"column":2}}]},"5":{"line":84,"type":"if","locations":[{"start":{"line":84,"column":0},"end":{"line":84,"column":0}},{"start":{"line":84,"column":0},"end":{"line":84,"column":0}}]},"6":{"line":86,"type":"binary-expr","locations":[{"start":{"line":86,"column":15},"end":{"line":86,"column":25}},{"start":{"line":86,"column":29},"end":{"line":86,"column":32}}]},"7":{"line":95,"type":"binary-expr","locations":[{"start":{"line":95,"column":13},"end":{"line":95,"column":23}},{"start":{"line":95,"column":27},"end":{"line":95,"column":30}}]}}},"C:\\Users\\Kane\\Desktop\\WEBS5_BP\\WEBS5_BierPlezier\\config\\config.js":{"path":"C:\\Users\\Kane\\Desktop\\WEBS5_BP\\WEBS5_BierPlezier\\config\\config.js","s":{"1":1},"b":{},"f":{},"fnMap":{},"statementMap":{"1":{"start":{"line":1,"column":0},"end":{"line":6,"column":2}}},"branchMap":{}},"C:\\Users\\Kane\\Desktop\\WEBS5_BP\\WEBS5_BierPlezier\\models\\race.js":{"path":"C:\\Users\\Kane\\Desktop\\WEBS5_BP\\WEBS5_BierPlezier\\models\\race.js","s":{"1":1,"2":1,"3":1,"4":1,"5":1},"b":{},"f":{"1":1},"fnMap":{"1":{"name":"(anonymous_1)","line":1,"loc":{"start":{"line":1,"column":7},"end":{"line":1,"column":25}}}},"statementMap":{"1":{"start":{"line":1,"column":0},"end":{"line":14,"column":2}},"2":{"start":{"line":3,"column":1},"end":{"line":10,"column":4}},"3":{"start":{"line":12,"column":1},"end":{"line":12,"column":36}},"4":{"start":{"line":13,"column":1},"end":{"line":13,"column":39}},"5":{"start":{"line":16,"column":0},"end":{"line":16,"column":22}}},"branchMap":{}},"C:\\Users\\Kane\\Desktop\\WEBS5_BP\\WEBS5_BierPlezier\\models\\user.js":{"path":"C:\\Users\\Kane\\Desktop\\WEBS5_BP\\WEBS5_BierPlezier\\models\\user.js","s":{"1":1,"2":1,"3":1,"4":1,"5":1,"6":1,"7":1,"8":1,"9":26,"10":26,"11":0,"12":26,"13":26,"14":1,"15":1,"16":1},"b":{"1":[0,26],"2":[26,0]},"f":{"1":1,"2":1,"3":1,"4":26},"fnMap":{"1":{"name":"(anonymous_1)","line":3,"loc":{"start":{"line":3,"column":7},"end":{"line":3,"column":25}}},"2":{"name":"(anonymous_2)","line":26,"loc":{"start":{"line":26,"column":35},"end":{"line":26,"column":54}}},"3":{"name":"(anonymous_3)","line":30,"loc":{"start":{"line":30,"column":36},"end":{"line":30,"column":55}}},"4":{"name":"(anonymous_4)","line":34,"loc":{"start":{"line":34,"column":37},"end":{"line":34,"column":47}}}},"statementMap":{"1":{"start":{"line":1,"column":0},"end":{"line":1,"column":38}},"2":{"start":{"line":3,"column":0},"end":{"line":45,"column":2}},"3":{"start":{"line":5,"column":1},"end":{"line":24,"column":4}},"4":{"start":{"line":26,"column":1},"end":{"line":28,"column":3}},"5":{"start":{"line":27,"column":5},"end":{"line":27,"column":67}},"6":{"start":{"line":30,"column":1},"end":{"line":32,"column":3}},"7":{"start":{"line":31,"column":5},"end":{"line":31,"column":62}},"8":{"start":{"line":34,"column":1},"end":{"line":41,"column":4}},"9":{"start":{"line":35,"column":2},"end":{"line":35,"column":40}},"10":{"start":{"line":36,"column":2},"end":{"line":38,"column":3}},"11":{"start":{"line":37,"column":3},"end":{"line":37,"column":39}},"12":{"start":{"line":39,"column":2},"end":{"line":39,"column":36}},"13":{"start":{"line":40,"column":2},"end":{"line":40,"column":19}},"14":{"start":{"line":43,"column":1},"end":{"line":43,"column":36}},"15":{"start":{"line":44,"column":1},"end":{"line":44,"column":39}},"16":{"start":{"line":47,"column":0},"end":{"line":47,"column":22}}},"branchMap":{"1":{"line":36,"type":"if","locations":[{"start":{"line":36,"column":2},"end":{"line":36,"column":2}},{"start":{"line":36,"column":2},"end":{"line":36,"column":2}}]},"2":{"line":36,"type":"binary-expr","locations":[{"start":{"line":36,"column":5},"end":{"line":36,"column":21}},{"start":{"line":36,"column":25},"end":{"line":36,"column":48}}]}}},"C:\\Users\\Kane\\Desktop\\WEBS5_BP\\WEBS5_BierPlezier\\models\\waypoint.js":{"path":"C:\\Users\\Kane\\Desktop\\WEBS5_BP\\WEBS5_BierPlezier\\models\\waypoint.js","s":{"1":1,"2":1,"3":1,"4":1,"5":1},"b":{},"f":{"1":1},"fnMap":{"1":{"name":"(anonymous_1)","line":1,"loc":{"start":{"line":1,"column":7},"end":{"line":1,"column":25}}}},"statementMap":{"1":{"start":{"line":1,"column":0},"end":{"line":13,"column":2}},"2":{"start":{"line":3,"column":1},"end":{"line":9,"column":4}},"3":{"start":{"line":11,"column":1},"end":{"line":11,"column":44}},"4":{"start":{"line":12,"column":1},"end":{"line":12,"column":43}},"5":{"start":{"line":15,"column":0},"end":{"line":15,"column":22}}},"branchMap":{}},"C:\\Users\\Kane\\Desktop\\WEBS5_BP\\WEBS5_BierPlezier\\config\\passport.js":{"path":"C:\\Users\\Kane\\Desktop\\WEBS5_BP\\WEBS5_BierPlezier\\config\\passport.js","s":{"1":1,"2":1,"3":1,"4":1,"5":1,"6":1,"7":1,"8":1,"9":1,"10":1,"11":0,"12":1,"13":0,"14":1,"15":1,"16":1,"17":1,"18":1,"19":0,"20":0,"21":1,"22":0,"23":0,"24":1,"25":1,"26":1,"27":1,"28":1,"29":0,"30":0,"31":1,"32":1,"33":1,"34":1,"35":2,"36":1,"37":17,"38":17,"39":1,"40":0,"41":0,"42":0,"43":0,"44":0,"45":0,"46":0,"47":0,"48":0,"49":0,"50":0,"51":0,"52":0,"53":0,"54":0,"55":1,"56":1},"b":{"1":[0,1],"2":[0,1],"3":[1,1],"4":[0,1],"5":[0,1],"6":[0,1],"7":[0,0],"8":[0,0],"9":[0,0]},"f":{"1":1,"2":1,"3":1,"4":1,"5":1,"6":1,"7":1,"8":2,"9":17,"10":17,"11":0,"12":0,"13":0,"14":0},"fnMap":{"1":{"name":"(anonymous_1)","line":8,"loc":{"start":{"line":8,"column":11},"end":{"line":8,"column":26}}},"2":{"name":"(anonymous_2)","line":16,"loc":{"start":{"line":16,"column":72},"end":{"line":16,"column":112}}},"3":{"name":"(anonymous_3)","line":19,"loc":{"start":{"line":19,"column":52},"end":{"line":19,"column":72}}},"4":{"name":"(anonymous_4)","line":31,"loc":{"start":{"line":31,"column":73},"end":{"line":31,"column":113}}},"5":{"name":"(anonymous_5)","line":33,"loc":{"start":{"line":33,"column":27},"end":{"line":33,"column":37}}},"6":{"name":"(anonymous_6)","line":35,"loc":{"start":{"line":35,"column":51},"end":{"line":35,"column":71}}},"7":{"name":"(anonymous_7)","line":50,"loc":{"start":{"line":50,"column":29},"end":{"line":50,"column":43}}},"8":{"name":"(anonymous_8)","line":64,"loc":{"start":{"line":64,"column":27},"end":{"line":64,"column":48}}},"9":{"name":"(anonymous_9)","line":68,"loc":{"start":{"line":68,"column":29},"end":{"line":68,"column":48}}},"10":{"name":"(anonymous_10)","line":69,"loc":{"start":{"line":69,"column":26},"end":{"line":69,"column":46}}},"11":{"name":"(anonymous_11)","line":87,"loc":{"start":{"line":87,"column":8},"end":{"line":87,"column":53}}},"12":{"name":"(anonymous_12)","line":89,"loc":{"start":{"line":89,"column":29},"end":{"line":89,"column":40}}},"13":{"name":"(anonymous_13)","line":92,"loc":{"start":{"line":92,"column":61},"end":{"line":92,"column":81}}},"14":{"name":"(anonymous_14)","line":111,"loc":{"start":{"line":111,"column":37},"end":{"line":111,"column":51}}}},"statementMap":{"1":{"start":{"line":1,"column":0},"end":{"line":1,"column":34}},"2":{"start":{"line":2,"column":0},"end":{"line":2,"column":55}},"3":{"start":{"line":3,"column":0},"end":{"line":3,"column":61}},"4":{"start":{"line":4,"column":0},"end":{"line":4,"column":35}},"5":{"start":{"line":5,"column":0},"end":{"line":5,"column":37}},"6":{"start":{"line":8,"column":0},"end":{"line":126,"column":2}},"7":{"start":{"line":10,"column":4},"end":{"line":14,"column":6}},"8":{"start":{"line":16,"column":4},"end":{"line":29,"column":8}},"9":{"start":{"line":19,"column":8},"end":{"line":27,"column":11}},"10":{"start":{"line":21,"column":12},"end":{"line":22,"column":33}},"11":{"start":{"line":22,"column":16},"end":{"line":22,"column":33}},"12":{"start":{"line":23,"column":12},"end":{"line":24,"column":47}},"13":{"start":{"line":24,"column":16},"end":{"line":24,"column":47}},"14":{"start":{"line":26,"column":12},"end":{"line":26,"column":36}},"15":{"start":{"line":31,"column":4},"end":{"line":62,"column":10}},"16":{"start":{"line":33,"column":8},"end":{"line":60,"column":10}},"17":{"start":{"line":35,"column":10},"end":{"line":59,"column":13}},"18":{"start":{"line":37,"column":12},"end":{"line":40,"column":13}},"19":{"start":{"line":38,"column":14},"end":{"line":38,"column":63}},"20":{"start":{"line":39,"column":14},"end":{"line":39,"column":31}},"21":{"start":{"line":42,"column":12},"end":{"line":58,"column":13}},"22":{"start":{"line":43,"column":14},"end":{"line":43,"column":78}},"23":{"start":{"line":44,"column":14},"end":{"line":44,"column":45}},"24":{"start":{"line":47,"column":16},"end":{"line":47,"column":49}},"25":{"start":{"line":48,"column":16},"end":{"line":48,"column":47}},"26":{"start":{"line":49,"column":16},"end":{"line":49,"column":72}},"27":{"start":{"line":50,"column":16},"end":{"line":57,"column":19}},"28":{"start":{"line":51,"column":18},"end":{"line":54,"column":19}},"29":{"start":{"line":52,"column":20},"end":{"line":52,"column":73}},"30":{"start":{"line":53,"column":20},"end":{"line":53,"column":37}},"31":{"start":{"line":55,"column":18},"end":{"line":55,"column":58}},"32":{"start":{"line":56,"column":18},"end":{"line":56,"column":45}},"33":{"start":{"line":61,"column":8},"end":{"line":61,"column":43}},"34":{"start":{"line":64,"column":4},"end":{"line":66,"column":7}},"35":{"start":{"line":65,"column":8},"end":{"line":65,"column":29}},"36":{"start":{"line":68,"column":4},"end":{"line":72,"column":7}},"37":{"start":{"line":69,"column":8},"end":{"line":71,"column":11}},"38":{"start":{"line":70,"column":12},"end":{"line":70,"column":28}},"39":{"start":{"line":77,"column":4},"end":{"line":123,"column":12}},"40":{"start":{"line":89,"column":12},"end":{"line":121,"column":15}},"41":{"start":{"line":92,"column":16},"end":{"line":120,"column":19}},"42":{"start":{"line":94,"column":20},"end":{"line":95,"column":41}},"43":{"start":{"line":95,"column":24},"end":{"line":95,"column":41}},"44":{"start":{"line":98,"column":20},"end":{"line":118,"column":21}},"45":{"start":{"line":99,"column":24},"end":{"line":99,"column":48}},"46":{"start":{"line":102,"column":24},"end":{"line":102,"column":49}},"47":{"start":{"line":105,"column":24},"end":{"line":105,"column":60}},"48":{"start":{"line":106,"column":24},"end":{"line":106,"column":55}},"49":{"start":{"line":107,"column":24},"end":{"line":107,"column":104}},"50":{"start":{"line":108,"column":24},"end":{"line":108,"column":73}},"51":{"start":{"line":111,"column":24},"end":{"line":117,"column":27}},"52":{"start":{"line":112,"column":28},"end":{"line":113,"column":42}},"53":{"start":{"line":113,"column":32},"end":{"line":113,"column":42}},"54":{"start":{"line":116,"column":28},"end":{"line":116,"column":55}},"55":{"start":{"line":125,"column":4},"end":{"line":125,"column":20}},"56":{"start":{"line":128,"column":0},"end":{"line":128,"column":22}}},"branchMap":{"1":{"line":21,"type":"if","locations":[{"start":{"line":21,"column":12},"end":{"line":21,"column":12}},{"start":{"line":21,"column":12},"end":{"line":21,"column":12}}]},"2":{"line":23,"type":"if","locations":[{"start":{"line":23,"column":12},"end":{"line":23,"column":12}},{"start":{"line":23,"column":12},"end":{"line":23,"column":12}}]},"3":{"line":23,"type":"binary-expr","locations":[{"start":{"line":23,"column":16},"end":{"line":23,"column":21}},{"start":{"line":23,"column":25},"end":{"line":23,"column":54}}]},"4":{"line":37,"type":"if","locations":[{"start":{"line":37,"column":12},"end":{"line":37,"column":12}},{"start":{"line":37,"column":12},"end":{"line":37,"column":12}}]},"5":{"line":42,"type":"if","locations":[{"start":{"line":42,"column":12},"end":{"line":42,"column":12}},{"start":{"line":42,"column":12},"end":{"line":42,"column":12}}]},"6":{"line":51,"type":"if","locations":[{"start":{"line":51,"column":18},"end":{"line":51,"column":18}},{"start":{"line":51,"column":18},"end":{"line":51,"column":18}}]},"7":{"line":94,"type":"if","locations":[{"start":{"line":94,"column":20},"end":{"line":94,"column":20}},{"start":{"line":94,"column":20},"end":{"line":94,"column":20}}]},"8":{"line":98,"type":"if","locations":[{"start":{"line":98,"column":20},"end":{"line":98,"column":20}},{"start":{"line":98,"column":20},"end":{"line":98,"column":20}}]},"9":{"line":112,"type":"if","locations":[{"start":{"line":112,"column":28},"end":{"line":112,"column":28}},{"start":{"line":112,"column":28},"end":{"line":112,"column":28}}]}}},"C:\\Users\\Kane\\Desktop\\WEBS5_BP\\WEBS5_BierPlezier\\config\\auth.js":{"path":"C:\\Users\\Kane\\Desktop\\WEBS5_BP\\WEBS5_BierPlezier\\config\\auth.js","s":{"1":1},"b":{},"f":{},"fnMap":{},"statementMap":{"1":{"start":{"line":1,"column":0},"end":{"line":7,"column":7}}},"branchMap":{}},"C:\\Users\\Kane\\Desktop\\WEBS5_BP\\WEBS5_BierPlezier\\routes\\races.js":{"path":"C:\\Users\\Kane\\Desktop\\WEBS5_BP\\WEBS5_BierPlezier\\routes\\races.js","s":{"1":1,"2":1,"3":1,"4":1,"5":1,"6":1,"7":1,"8":2,"9":2,"10":0,"11":1,"12":4,"13":4,"14":0,"15":1,"16":1,"17":1,"18":0,"19":1,"20":1,"21":1,"22":1,"23":1,"24":1,"25":1,"26":1,"27":0,"28":1,"29":1,"30":1,"31":1,"32":1,"33":2,"34":2,"35":0,"36":2,"37":1,"38":1,"39":0,"40":1,"41":1,"42":1,"43":1,"44":0,"45":1,"46":1,"47":1,"48":1,"49":0,"50":1,"51":1,"52":0,"53":1,"54":1,"55":0,"56":1,"57":1,"58":1,"59":0,"60":1,"61":1,"62":1,"63":1,"64":1,"65":1,"66":1,"67":0,"68":1,"69":1,"70":1,"71":0,"72":1,"73":1,"74":1,"75":0,"76":1,"77":1,"78":1,"79":1,"80":1,"81":1,"82":0,"83":1,"84":1,"85":1,"86":1,"87":1,"88":1,"89":0,"90":1,"91":1,"92":0,"93":1,"94":0,"95":0,"96":0,"97":0,"98":0,"99":0,"100":0,"101":0,"102":0,"103":0,"104":0,"105":0,"106":0,"107":0,"108":1,"109":0,"110":0,"111":0,"112":0,"113":0,"114":0,"115":1,"116":1,"117":1,"118":0,"119":1,"120":1,"121":1,"122":0,"123":1,"124":1,"125":1,"126":0,"127":1,"128":1,"129":1,"130":1,"131":0,"132":1,"133":8,"134":0,"135":0,"136":1,"137":1,"138":0,"139":1,"140":1},"b":{"1":[2,0],"2":[4,0],"3":[4,4],"4":[0,1],"5":[1,0],"6":[0,1],"7":[0,2],"8":[0,1],"9":[0,1],"10":[0,1],"11":[0,1],"12":[1,0],"13":[0,1],"14":[1,0],"15":[0,1],"16":[0,1],"17":[0,1],"18":[1,0],"19":[0,1],"20":[0,1],"21":[1,0],"22":[0,0],"23":[0,0],"24":[0,0],"25":[0,0],"26":[0,1],"27":[0,1],"28":[0,1],"29":[0,1],"30":[0,8],"31":[0,1]},"f":{"1":1,"2":2,"3":4,"4":1,"5":1,"6":1,"7":1,"8":1,"9":1,"10":1,"11":2,"12":2,"13":1,"14":1,"15":1,"16":1,"17":1,"18":1,"19":1,"20":1,"21":1,"22":1,"23":1,"24":1,"25":1,"26":1,"27":1,"28":1,"29":1,"30":1,"31":0,"32":0,"33":0,"34":0,"35":0,"36":0,"37":0,"38":1,"39":1,"40":1,"41":1,"42":1,"43":1,"44":1,"45":1},"fnMap":{"1":{"name":"(anonymous_1)","line":5,"loc":{"start":{"line":5,"column":17},"end":{"line":5,"column":35}}},"2":{"name":"(anonymous_2)","line":10,"loc":{"start":{"line":10,"column":23},"end":{"line":10,"column":49}}},"3":{"name":"(anonymous_3)","line":16,"loc":{"start":{"line":16,"column":15},"end":{"line":16,"column":41}}},"4":{"name":"(anonymous_4)","line":23,"loc":{"start":{"line":23,"column":6},"end":{"line":23,"column":25}}},"5":{"name":"(anonymous_5)","line":25,"loc":{"start":{"line":25,"column":16},"end":{"line":25,"column":37}}},"6":{"name":"(anonymous_6)","line":31,"loc":{"start":{"line":31,"column":7},"end":{"line":31,"column":32}}},"7":{"name":"(anonymous_7)","line":33,"loc":{"start":{"line":33,"column":12},"end":{"line":33,"column":27}}},"8":{"name":"(anonymous_8)","line":39,"loc":{"start":{"line":39,"column":21},"end":{"line":39,"column":40}}},"9":{"name":"(anonymous_9)","line":40,"loc":{"start":{"line":40,"column":40},"end":{"line":40,"column":54}}},"10":{"name":"(anonymous_10)","line":46,"loc":{"start":{"line":46,"column":32},"end":{"line":46,"column":50}}},"11":{"name":"(anonymous_11)","line":52,"loc":{"start":{"line":52,"column":6},"end":{"line":52,"column":25}}},"12":{"name":"(anonymous_12)","line":53,"loc":{"start":{"line":53,"column":35},"end":{"line":53,"column":55}}},"13":{"name":"(anonymous_13)","line":59,"loc":{"start":{"line":59,"column":15},"end":{"line":59,"column":34}}},"14":{"name":"(anonymous_14)","line":62,"loc":{"start":{"line":62,"column":8},"end":{"line":62,"column":28}}},"15":{"name":"(anonymous_15)","line":69,"loc":{"start":{"line":69,"column":22},"end":{"line":69,"column":36}}},"16":{"name":"(anonymous_16)","line":78,"loc":{"start":{"line":78,"column":52},"end":{"line":78,"column":70}}},"17":{"name":"(anonymous_17)","line":81,"loc":{"start":{"line":81,"column":8},"end":{"line":81,"column":29}}},"18":{"name":"(anonymous_18)","line":88,"loc":{"start":{"line":88,"column":12},"end":{"line":88,"column":33}}},"19":{"name":"(anonymous_19)","line":100,"loc":{"start":{"line":100,"column":6},"end":{"line":100,"column":24}}},"20":{"name":"(anonymous_20)","line":104,"loc":{"start":{"line":104,"column":8},"end":{"line":104,"column":29}}},"21":{"name":"(anonymous_21)","line":110,"loc":{"start":{"line":110,"column":7},"end":{"line":110,"column":31}}},"22":{"name":"(anonymous_22)","line":112,"loc":{"start":{"line":112,"column":16},"end":{"line":112,"column":31}}},"23":{"name":"(anonymous_23)","line":115,"loc":{"start":{"line":115,"column":38},"end":{"line":115,"column":58}}},"24":{"name":"(anonymous_24)","line":119,"loc":{"start":{"line":119,"column":14},"end":{"line":119,"column":28}}},"25":{"name":"(anonymous_25)","line":127,"loc":{"start":{"line":127,"column":9},"end":{"line":127,"column":28}}},"26":{"name":"(anonymous_26)","line":133,"loc":{"start":{"line":133,"column":8},"end":{"line":133,"column":27}}},"27":{"name":"(anonymous_27)","line":142,"loc":{"start":{"line":142,"column":13},"end":{"line":142,"column":27}}},"28":{"name":"(anonymous_28)","line":150,"loc":{"start":{"line":150,"column":50},"end":{"line":150,"column":68}}},"29":{"name":"(anonymous_29)","line":154,"loc":{"start":{"line":154,"column":71},"end":{"line":154,"column":89}}},"30":{"name":"(anonymous_30)","line":159,"loc":{"start":{"line":159,"column":11},"end":{"line":159,"column":36}}},"31":{"name":"(anonymous_31)","line":169,"loc":{"start":{"line":169,"column":6},"end":{"line":169,"column":24}}},"32":{"name":"(anonymous_32)","line":173,"loc":{"start":{"line":173,"column":8},"end":{"line":173,"column":33}}},"33":{"name":"(anonymous_33)","line":179,"loc":{"start":{"line":179,"column":7},"end":{"line":179,"column":25}}},"34":{"name":"(anonymous_34)","line":182,"loc":{"start":{"line":182,"column":32},"end":{"line":182,"column":56}}},"35":{"name":"(anonymous_35)","line":186,"loc":{"start":{"line":186,"column":17},"end":{"line":186,"column":31}}},"36":{"name":"(anonymous_36)","line":195,"loc":{"start":{"line":195,"column":23},"end":{"line":195,"column":41}}},"37":{"name":"(anonymous_37)","line":198,"loc":{"start":{"line":198,"column":33},"end":{"line":198,"column":57}}},"38":{"name":"(anonymous_38)","line":206,"loc":{"start":{"line":206,"column":6},"end":{"line":206,"column":24}}},"39":{"name":"(anonymous_39)","line":210,"loc":{"start":{"line":210,"column":8},"end":{"line":210,"column":29}}},"40":{"name":"(anonymous_40)","line":216,"loc":{"start":{"line":216,"column":7},"end":{"line":216,"column":31}}},"41":{"name":"(anonymous_41)","line":219,"loc":{"start":{"line":219,"column":8},"end":{"line":219,"column":29}}},"42":{"name":"(anonymous_42)","line":223,"loc":{"start":{"line":223,"column":13},"end":{"line":223,"column":27}}},"43":{"name":"(anonymous_43)","line":230,"loc":{"start":{"line":230,"column":9},"end":{"line":230,"column":28}}},"44":{"name":"(anonymous_44)","line":233,"loc":{"start":{"line":233,"column":8},"end":{"line":233,"column":27}}},"45":{"name":"(anonymous_45)","line":243,"loc":{"start":{"line":243,"column":13},"end":{"line":243,"column":27}}}},"statementMap":{"1":{"start":{"line":1,"column":0},"end":{"line":1,"column":33}},"2":{"start":{"line":2,"column":0},"end":{"line":2,"column":30}},"3":{"start":{"line":5,"column":0},"end":{"line":251,"column":2}},"4":{"start":{"line":7,"column":1},"end":{"line":7,"column":36}},"5":{"start":{"line":8,"column":1},"end":{"line":8,"column":36}},"6":{"start":{"line":9,"column":1},"end":{"line":9,"column":44}},"7":{"start":{"line":10,"column":1},"end":{"line":14,"column":2}},"8":{"start":{"line":11,"column":3},"end":{"line":12,"column":19}},"9":{"start":{"line":12,"column":5},"end":{"line":12,"column":19}},"10":{"start":{"line":13,"column":3},"end":{"line":13,"column":26}},"11":{"start":{"line":16,"column":1},"end":{"line":20,"column":5}},"12":{"start":{"line":17,"column":6},"end":{"line":18,"column":22}},"13":{"start":{"line":18,"column":8},"end":{"line":18,"column":22}},"14":{"start":{"line":19,"column":6},"end":{"line":19,"column":24}},"15":{"start":{"line":22,"column":4},"end":{"line":44,"column":4}},"16":{"start":{"line":25,"column":2},"end":{"line":29,"column":5}},"17":{"start":{"line":26,"column":3},"end":{"line":26,"column":33}},"18":{"start":{"line":26,"column":14},"end":{"line":26,"column":31}},"19":{"start":{"line":28,"column":3},"end":{"line":28,"column":19}},"20":{"start":{"line":32,"column":2},"end":{"line":32,"column":32}},"21":{"start":{"line":33,"column":2},"end":{"line":37,"column":5}},"22":{"start":{"line":34,"column":5},"end":{"line":34,"column":35}},"23":{"start":{"line":34,"column":16},"end":{"line":34,"column":33}},"24":{"start":{"line":36,"column":5},"end":{"line":36,"column":20}},"25":{"start":{"line":40,"column":3},"end":{"line":43,"column":7}},"26":{"start":{"line":41,"column":6},"end":{"line":41,"column":36}},"27":{"start":{"line":41,"column":17},"end":{"line":41,"column":34}},"28":{"start":{"line":42,"column":6},"end":{"line":42,"column":21}},"29":{"start":{"line":46,"column":1},"end":{"line":49,"column":4}},"30":{"start":{"line":47,"column":3},"end":{"line":47,"column":35}},"31":{"start":{"line":48,"column":3},"end":{"line":48,"column":66}},"32":{"start":{"line":51,"column":1},"end":{"line":75,"column":4}},"33":{"start":{"line":53,"column":2},"end":{"line":57,"column":10}},"34":{"start":{"line":54,"column":3},"end":{"line":54,"column":33}},"35":{"start":{"line":54,"column":14},"end":{"line":54,"column":31}},"36":{"start":{"line":56,"column":3},"end":{"line":56,"column":18}},"37":{"start":{"line":60,"column":2},"end":{"line":74,"column":5}},"38":{"start":{"line":63,"column":3},"end":{"line":63,"column":33}},"39":{"start":{"line":63,"column":14},"end":{"line":63,"column":31}},"40":{"start":{"line":65,"column":12},"end":{"line":67,"column":13}},"41":{"start":{"line":66,"column":13},"end":{"line":66,"column":41}},"42":{"start":{"line":69,"column":12},"end":{"line":73,"column":15}},"43":{"start":{"line":70,"column":16},"end":{"line":70,"column":46}},"44":{"start":{"line":70,"column":27},"end":{"line":70,"column":44}},"45":{"start":{"line":72,"column":16},"end":{"line":72,"column":36}},"46":{"start":{"line":78,"column":4},"end":{"line":97,"column":4}},"47":{"start":{"line":79,"column":2},"end":{"line":96,"column":5}},"48":{"start":{"line":82,"column":5},"end":{"line":82,"column":35}},"49":{"start":{"line":82,"column":16},"end":{"line":82,"column":33}},"50":{"start":{"line":84,"column":3},"end":{"line":95,"column":6}},"51":{"start":{"line":89,"column":10},"end":{"line":89,"column":40}},"52":{"start":{"line":89,"column":21},"end":{"line":89,"column":38}},"53":{"start":{"line":91,"column":10},"end":{"line":94,"column":94}},"54":{"start":{"line":92,"column":5},"end":{"line":92,"column":95}},"55":{"start":{"line":94,"column":5},"end":{"line":94,"column":94}},"56":{"start":{"line":99,"column":1},"end":{"line":148,"column":4}},"57":{"start":{"line":101,"column":2},"end":{"line":108,"column":5}},"58":{"start":{"line":105,"column":4},"end":{"line":105,"column":34}},"59":{"start":{"line":105,"column":15},"end":{"line":105,"column":32}},"60":{"start":{"line":107,"column":4},"end":{"line":107,"column":29}},"61":{"start":{"line":111,"column":2},"end":{"line":111,"column":40}},"62":{"start":{"line":112,"column":2},"end":{"line":125,"column":5}},"63":{"start":{"line":113,"column":5},"end":{"line":113,"column":35}},"64":{"start":{"line":113,"column":16},"end":{"line":113,"column":33}},"65":{"start":{"line":115,"column":5},"end":{"line":124,"column":6}},"66":{"start":{"line":116,"column":7},"end":{"line":116,"column":37}},"67":{"start":{"line":116,"column":18},"end":{"line":116,"column":35}},"68":{"start":{"line":118,"column":4},"end":{"line":118,"column":38}},"69":{"start":{"line":119,"column":4},"end":{"line":123,"column":10}},"70":{"start":{"line":120,"column":8},"end":{"line":120,"column":38}},"71":{"start":{"line":120,"column":19},"end":{"line":120,"column":36}},"72":{"start":{"line":122,"column":8},"end":{"line":122,"column":27}},"73":{"start":{"line":128,"column":2},"end":{"line":147,"column":5}},"74":{"start":{"line":134,"column":3},"end":{"line":134,"column":33}},"75":{"start":{"line":134,"column":14},"end":{"line":134,"column":31}},"76":{"start":{"line":136,"column":3},"end":{"line":141,"column":4}},"77":{"start":{"line":137,"column":4},"end":{"line":140,"column":11}},"78":{"start":{"line":138,"column":14},"end":{"line":138,"column":42}},"79":{"start":{"line":139,"column":14},"end":{"line":139,"column":20}},"80":{"start":{"line":142,"column":3},"end":{"line":146,"column":9}},"81":{"start":{"line":143,"column":7},"end":{"line":143,"column":37}},"82":{"start":{"line":143,"column":18},"end":{"line":143,"column":35}},"83":{"start":{"line":145,"column":7},"end":{"line":145,"column":22}},"84":{"start":{"line":150,"column":1},"end":{"line":152,"column":4}},"85":{"start":{"line":151,"column":4},"end":{"line":151,"column":80}},"86":{"start":{"line":154,"column":1},"end":{"line":167,"column":4}},"87":{"start":{"line":155,"column":2},"end":{"line":166,"column":8}},"88":{"start":{"line":160,"column":9},"end":{"line":160,"column":39}},"89":{"start":{"line":160,"column":20},"end":{"line":160,"column":37}},"90":{"start":{"line":162,"column":9},"end":{"line":165,"column":73}},"91":{"start":{"line":163,"column":6},"end":{"line":163,"column":76}},"92":{"start":{"line":165,"column":4},"end":{"line":165,"column":73}},"93":{"start":{"line":168,"column":1},"end":{"line":192,"column":4}},"94":{"start":{"line":170,"column":7},"end":{"line":177,"column":5}},"95":{"start":{"line":174,"column":4},"end":{"line":174,"column":34}},"96":{"start":{"line":174,"column":15},"end":{"line":174,"column":32}},"97":{"start":{"line":176,"column":4},"end":{"line":176,"column":29}},"98":{"start":{"line":180,"column":2},"end":{"line":180,"column":33}},"99":{"start":{"line":181,"column":2},"end":{"line":181,"column":41}},"100":{"start":{"line":182,"column":2},"end":{"line":191,"column":5}},"101":{"start":{"line":183,"column":6},"end":{"line":183,"column":36}},"102":{"start":{"line":183,"column":17},"end":{"line":183,"column":34}},"103":{"start":{"line":185,"column":3},"end":{"line":185,"column":37}},"104":{"start":{"line":186,"column":3},"end":{"line":190,"column":9}},"105":{"start":{"line":187,"column":7},"end":{"line":187,"column":37}},"106":{"start":{"line":187,"column":18},"end":{"line":187,"column":35}},"107":{"start":{"line":189,"column":7},"end":{"line":189,"column":26}},"108":{"start":{"line":194,"column":1},"end":{"line":203,"column":4}},"109":{"start":{"line":196,"column":3},"end":{"line":196,"column":34}},"110":{"start":{"line":197,"column":3},"end":{"line":197,"column":42}},"111":{"start":{"line":198,"column":3},"end":{"line":202,"column":10}},"112":{"start":{"line":199,"column":4},"end":{"line":199,"column":34}},"113":{"start":{"line":199,"column":15},"end":{"line":199,"column":32}},"114":{"start":{"line":201,"column":4},"end":{"line":201,"column":23}},"115":{"start":{"line":205,"column":1},"end":{"line":249,"column":4}},"116":{"start":{"line":207,"column":7},"end":{"line":214,"column":5}},"117":{"start":{"line":211,"column":4},"end":{"line":211,"column":34}},"118":{"start":{"line":211,"column":15},"end":{"line":211,"column":32}},"119":{"start":{"line":213,"column":4},"end":{"line":213,"column":25}},"120":{"start":{"line":217,"column":2},"end":{"line":228,"column":5}},"121":{"start":{"line":220,"column":6},"end":{"line":220,"column":36}},"122":{"start":{"line":220,"column":17},"end":{"line":220,"column":34}},"123":{"start":{"line":222,"column":3},"end":{"line":222,"column":33}},"124":{"start":{"line":223,"column":3},"end":{"line":227,"column":9}},"125":{"start":{"line":224,"column":7},"end":{"line":224,"column":37}},"126":{"start":{"line":224,"column":18},"end":{"line":224,"column":35}},"127":{"start":{"line":226,"column":7},"end":{"line":226,"column":26}},"128":{"start":{"line":231,"column":2},"end":{"line":248,"column":5}},"129":{"start":{"line":234,"column":3},"end":{"line":234,"column":21}},"130":{"start":{"line":235,"column":3},"end":{"line":235,"column":33}},"131":{"start":{"line":235,"column":14},"end":{"line":235,"column":31}},"132":{"start":{"line":237,"column":3},"end":{"line":242,"column":4}},"133":{"start":{"line":238,"column":4},"end":{"line":241,"column":11}},"134":{"start":{"line":239,"column":14},"end":{"line":239,"column":38}},"135":{"start":{"line":240,"column":14},"end":{"line":240,"column":20}},"136":{"start":{"line":243,"column":3},"end":{"line":247,"column":9}},"137":{"start":{"line":244,"column":7},"end":{"line":244,"column":37}},"138":{"start":{"line":244,"column":18},"end":{"line":244,"column":35}},"139":{"start":{"line":246,"column":7},"end":{"line":246,"column":22}},"140":{"start":{"line":250,"column":1},"end":{"line":250,"column":15}}},"branchMap":{"1":{"line":11,"type":"if","locations":[{"start":{"line":11,"column":3},"end":{"line":11,"column":3}},{"start":{"line":11,"column":3},"end":{"line":11,"column":3}}]},"2":{"line":17,"type":"if","locations":[{"start":{"line":17,"column":6},"end":{"line":17,"column":6}},{"start":{"line":17,"column":6},"end":{"line":17,"column":6}}]},"3":{"line":17,"type":"binary-expr","locations":[{"start":{"line":17,"column":10},"end":{"line":17,"column":31}},{"start":{"line":17,"column":35},"end":{"line":17,"column":49}}]},"4":{"line":26,"type":"if","locations":[{"start":{"line":26,"column":3},"end":{"line":26,"column":3}},{"start":{"line":26,"column":3},"end":{"line":26,"column":3}}]},"5":{"line":34,"type":"if","locations":[{"start":{"line":34,"column":5},"end":{"line":34,"column":5}},{"start":{"line":34,"column":5},"end":{"line":34,"column":5}}]},"6":{"line":41,"type":"if","locations":[{"start":{"line":41,"column":6},"end":{"line":41,"column":6}},{"start":{"line":41,"column":6},"end":{"line":41,"column":6}}]},"7":{"line":54,"type":"if","locations":[{"start":{"line":54,"column":3},"end":{"line":54,"column":3}},{"start":{"line":54,"column":3},"end":{"line":54,"column":3}}]},"8":{"line":63,"type":"if","locations":[{"start":{"line":63,"column":3},"end":{"line":63,"column":3}},{"start":{"line":63,"column":3},"end":{"line":63,"column":3}}]},"9":{"line":70,"type":"if","locations":[{"start":{"line":70,"column":16},"end":{"line":70,"column":16}},{"start":{"line":70,"column":16},"end":{"line":70,"column":16}}]},"10":{"line":82,"type":"if","locations":[{"start":{"line":82,"column":5},"end":{"line":82,"column":5}},{"start":{"line":82,"column":5},"end":{"line":82,"column":5}}]},"11":{"line":89,"type":"if","locations":[{"start":{"line":89,"column":10},"end":{"line":89,"column":10}},{"start":{"line":89,"column":10},"end":{"line":89,"column":10}}]},"12":{"line":91,"type":"if","locations":[{"start":{"line":91,"column":10},"end":{"line":91,"column":10}},{"start":{"line":91,"column":10},"end":{"line":91,"column":10}}]},"13":{"line":105,"type":"if","locations":[{"start":{"line":105,"column":4},"end":{"line":105,"column":4}},{"start":{"line":105,"column":4},"end":{"line":105,"column":4}}]},"14":{"line":113,"type":"if","locations":[{"start":{"line":113,"column":5},"end":{"line":113,"column":5}},{"start":{"line":113,"column":5},"end":{"line":113,"column":5}}]},"15":{"line":116,"type":"if","locations":[{"start":{"line":116,"column":7},"end":{"line":116,"column":7}},{"start":{"line":116,"column":7},"end":{"line":116,"column":7}}]},"16":{"line":120,"type":"if","locations":[{"start":{"line":120,"column":8},"end":{"line":120,"column":8}},{"start":{"line":120,"column":8},"end":{"line":120,"column":8}}]},"17":{"line":134,"type":"if","locations":[{"start":{"line":134,"column":3},"end":{"line":134,"column":3}},{"start":{"line":134,"column":3},"end":{"line":134,"column":3}}]},"18":{"line":137,"type":"if","locations":[{"start":{"line":137,"column":4},"end":{"line":137,"column":4}},{"start":{"line":137,"column":4},"end":{"line":137,"column":4}}]},"19":{"line":143,"type":"if","locations":[{"start":{"line":143,"column":7},"end":{"line":143,"column":7}},{"start":{"line":143,"column":7},"end":{"line":143,"column":7}}]},"20":{"line":160,"type":"if","locations":[{"start":{"line":160,"column":9},"end":{"line":160,"column":9}},{"start":{"line":160,"column":9},"end":{"line":160,"column":9}}]},"21":{"line":162,"type":"if","locations":[{"start":{"line":162,"column":9},"end":{"line":162,"column":9}},{"start":{"line":162,"column":9},"end":{"line":162,"column":9}}]},"22":{"line":174,"type":"if","locations":[{"start":{"line":174,"column":4},"end":{"line":174,"column":4}},{"start":{"line":174,"column":4},"end":{"line":174,"column":4}}]},"23":{"line":183,"type":"if","locations":[{"start":{"line":183,"column":6},"end":{"line":183,"column":6}},{"start":{"line":183,"column":6},"end":{"line":183,"column":6}}]},"24":{"line":187,"type":"if","locations":[{"start":{"line":187,"column":7},"end":{"line":187,"column":7}},{"start":{"line":187,"column":7},"end":{"line":187,"column":7}}]},"25":{"line":199,"type":"if","locations":[{"start":{"line":199,"column":4},"end":{"line":199,"column":4}},{"start":{"line":199,"column":4},"end":{"line":199,"column":4}}]},"26":{"line":211,"type":"if","locations":[{"start":{"line":211,"column":4},"end":{"line":211,"column":4}},{"start":{"line":211,"column":4},"end":{"line":211,"column":4}}]},"27":{"line":220,"type":"if","locations":[{"start":{"line":220,"column":6},"end":{"line":220,"column":6}},{"start":{"line":220,"column":6},"end":{"line":220,"column":6}}]},"28":{"line":224,"type":"if","locations":[{"start":{"line":224,"column":7},"end":{"line":224,"column":7}},{"start":{"line":224,"column":7},"end":{"line":224,"column":7}}]},"29":{"line":235,"type":"if","locations":[{"start":{"line":235,"column":3},"end":{"line":235,"column":3}},{"start":{"line":235,"column":3},"end":{"line":235,"column":3}}]},"30":{"line":238,"type":"if","locations":[{"start":{"line":238,"column":4},"end":{"line":238,"column":4}},{"start":{"line":238,"column":4},"end":{"line":238,"column":4}}]},"31":{"line":244,"type":"if","locations":[{"start":{"line":244,"column":7},"end":{"line":244,"column":7}},{"start":{"line":244,"column":7},"end":{"line":244,"column":7}}]}}},"C:\\Users\\Kane\\Desktop\\WEBS5_BP\\WEBS5_BierPlezier\\routes\\users.js":{"path":"C:\\Users\\Kane\\Desktop\\WEBS5_BP\\WEBS5_BierPlezier\\routes\\users.js","s":{"1":1,"2":1,"3":1,"4":1,"5":0,"6":0,"7":0,"8":1,"9":1,"10":1,"11":1,"12":1,"13":1,"14":1,"15":1,"16":0,"17":1,"18":1,"19":1,"20":1,"21":0,"22":1},"b":{"1":[0,0]},"f":{"1":0,"2":1,"3":1,"4":1,"5":0,"6":1,"7":0},"fnMap":{"1":{"name":"ensureAuthenticated","line":5,"loc":{"start":{"line":5,"column":0},"end":{"line":5,"column":45}}},"2":{"name":"(anonymous_2)","line":10,"loc":{"start":{"line":10,"column":17},"end":{"line":10,"column":40}}},"3":{"name":"(anonymous_3)","line":12,"loc":{"start":{"line":12,"column":61},"end":{"line":12,"column":80}}},"4":{"name":"(anonymous_4)","line":16,"loc":{"start":{"line":16,"column":63},"end":{"line":16,"column":82}}},"5":{"name":"(anonymous_5)","line":29,"loc":{"start":{"line":29,"column":8},"end":{"line":29,"column":27}}},"6":{"name":"(anonymous_6)","line":34,"loc":{"start":{"line":34,"column":23},"end":{"line":34,"column":42}}},"7":{"name":"(anonymous_7)","line":40,"loc":{"start":{"line":40,"column":41},"end":{"line":40,"column":66}}}},"statementMap":{"1":{"start":{"line":1,"column":0},"end":{"line":1,"column":33}},"2":{"start":{"line":2,"column":0},"end":{"line":2,"column":30}},"3":{"start":{"line":3,"column":0},"end":{"line":3,"column":35}},"4":{"start":{"line":5,"column":0},"end":{"line":8,"column":1}},"5":{"start":{"line":6,"column":4},"end":{"line":6,"column":49}},"6":{"start":{"line":6,"column":33},"end":{"line":6,"column":47}},"7":{"start":{"line":7,"column":4},"end":{"line":7,"column":26}},"8":{"start":{"line":10,"column":0},"end":{"line":44,"column":2}},"9":{"start":{"line":12,"column":1},"end":{"line":14,"column":6}},"10":{"start":{"line":13,"column":2},"end":{"line":13,"column":21}},"11":{"start":{"line":16,"column":1},"end":{"line":18,"column":6}},"12":{"start":{"line":17,"column":2},"end":{"line":17,"column":21}},"13":{"start":{"line":21,"column":4},"end":{"line":22,"column":43}},"14":{"start":{"line":24,"column":4},"end":{"line":26,"column":3}},"15":{"start":{"line":27,"column":4},"end":{"line":32,"column":11}},"16":{"start":{"line":31,"column":12},"end":{"line":31,"column":30}},"17":{"start":{"line":34,"column":1},"end":{"line":37,"column":4}},"18":{"start":{"line":35,"column":3},"end":{"line":35,"column":16}},"19":{"start":{"line":36,"column":3},"end":{"line":36,"column":21}},"20":{"start":{"line":40,"column":4},"end":{"line":42,"column":7}},"21":{"start":{"line":41,"column":8},"end":{"line":41,"column":47}},"22":{"start":{"line":43,"column":1},"end":{"line":43,"column":15}}},"branchMap":{"1":{"line":6,"type":"if","locations":[{"start":{"line":6,"column":4},"end":{"line":6,"column":4}},{"start":{"line":6,"column":4},"end":{"line":6,"column":4}}]}}},"C:\\Users\\Kane\\Desktop\\WEBS5_BP\\WEBS5_BierPlezier\\routes\\index.js":{"path":"C:\\Users\\Kane\\Desktop\\WEBS5_BP\\WEBS5_BierPlezier\\routes\\index.js","s":{"1":1,"2":1,"3":1,"4":1,"5":1,"6":1,"7":1,"8":2,"9":1,"10":1,"11":1,"12":0,"13":0,"14":0,"15":0,"16":1,"17":4,"18":2,"19":2,"20":2,"21":1,"22":1,"23":1,"24":4,"25":1,"26":1,"27":4,"28":1,"29":1,"30":4,"31":1,"32":1,"33":4,"34":1,"35":1,"36":1,"37":1,"38":1,"39":0,"40":0,"41":1,"42":0,"43":0,"44":1,"45":1,"46":1,"47":1,"48":1},"b":{"1":[1,1],"2":[0,0],"3":[0,0],"4":[2,2],"5":[1,3],"6":[1,3],"7":[1,3],"8":[1,3],"9":[4,3,2]},"f":{"1":2,"2":0,"3":4,"4":1,"5":4,"6":1,"7":0,"8":0,"9":1,"10":1},"fnMap":{"1":{"name":"(anonymous_1)","line":8,"loc":{"start":{"line":8,"column":22},"end":{"line":8,"column":48}}},"2":{"name":"(anonymous_2)","line":14,"loc":{"start":{"line":14,"column":14},"end":{"line":14,"column":40}}},"3":{"name":"(anonymous_3)","line":23,"loc":{"start":{"line":23,"column":25},"end":{"line":23,"column":51}}},"4":{"name":"(anonymous_4)","line":31,"loc":{"start":{"line":31,"column":33},"end":{"line":31,"column":51}}},"5":{"name":"(anonymous_5)","line":35,"loc":{"start":{"line":35,"column":24},"end":{"line":35,"column":48}}},"6":{"name":"(anonymous_6)","line":52,"loc":{"start":{"line":52,"column":24},"end":{"line":52,"column":49}}},"7":{"name":"(anonymous_7)","line":56,"loc":{"start":{"line":56,"column":22},"end":{"line":56,"column":47}}},"8":{"name":"(anonymous_8)","line":61,"loc":{"start":{"line":61,"column":24},"end":{"line":61,"column":49}}},"9":{"name":"(anonymous_9)","line":66,"loc":{"start":{"line":66,"column":41},"end":{"line":66,"column":60}}},"10":{"name":"(anonymous_10)","line":70,"loc":{"start":{"line":70,"column":44},"end":{"line":70,"column":63}}}},"statementMap":{"1":{"start":{"line":1,"column":0},"end":{"line":1,"column":33}},"2":{"start":{"line":2,"column":0},"end":{"line":2,"column":30}},"3":{"start":{"line":3,"column":0},"end":{"line":3,"column":35}},"4":{"start":{"line":4,"column":0},"end":{"line":4,"column":55}},"5":{"start":{"line":5,"column":0},"end":{"line":5,"column":27}},"6":{"start":{"line":6,"column":0},"end":{"line":6,"column":23}},"7":{"start":{"line":8,"column":0},"end":{"line":12,"column":1}},"8":{"start":{"line":9,"column":2},"end":{"line":10,"column":18}},"9":{"start":{"line":10,"column":4},"end":{"line":10,"column":18}},"10":{"start":{"line":11,"column":2},"end":{"line":11,"column":25}},"11":{"start":{"line":14,"column":0},"end":{"line":21,"column":1}},"12":{"start":{"line":15,"column":2},"end":{"line":20,"column":3}},"13":{"start":{"line":16,"column":4},"end":{"line":16,"column":18}},"14":{"start":{"line":18,"column":3},"end":{"line":18,"column":76}},"15":{"start":{"line":19,"column":3},"end":{"line":19,"column":21}},"16":{"start":{"line":23,"column":0},"end":{"line":29,"column":1}},"17":{"start":{"line":24,"column":2},"end":{"line":26,"column":3}},"18":{"start":{"line":25,"column":4},"end":{"line":25,"column":18}},"19":{"start":{"line":27,"column":2},"end":{"line":27,"column":59}},"20":{"start":{"line":28,"column":2},"end":{"line":28,"column":20}},"21":{"start":{"line":31,"column":0},"end":{"line":33,"column":3}},"22":{"start":{"line":32,"column":2},"end":{"line":32,"column":42}},"23":{"start":{"line":35,"column":0},"end":{"line":50,"column":3}},"24":{"start":{"line":36,"column":2},"end":{"line":39,"column":3}},"25":{"start":{"line":37,"column":4},"end":{"line":37,"column":43}},"26":{"start":{"line":38,"column":4},"end":{"line":38,"column":24}},"27":{"start":{"line":40,"column":2},"end":{"line":43,"column":3}},"28":{"start":{"line":41,"column":4},"end":{"line":41,"column":39}},"29":{"start":{"line":42,"column":4},"end":{"line":42,"column":22}},"30":{"start":{"line":44,"column":2},"end":{"line":47,"column":3}},"31":{"start":{"line":45,"column":4},"end":{"line":45,"column":41}},"32":{"start":{"line":46,"column":4},"end":{"line":46,"column":23}},"33":{"start":{"line":48,"column":2},"end":{"line":49,"column":17}},"34":{"start":{"line":49,"column":4},"end":{"line":49,"column":17}},"35":{"start":{"line":52,"column":0},"end":{"line":55,"column":3}},"36":{"start":{"line":53,"column":1},"end":{"line":53,"column":27}},"37":{"start":{"line":54,"column":2},"end":{"line":54,"column":41}},"38":{"start":{"line":56,"column":0},"end":{"line":59,"column":3}},"39":{"start":{"line":57,"column":1},"end":{"line":57,"column":26}},"40":{"start":{"line":58,"column":2},"end":{"line":58,"column":41}},"41":{"start":{"line":61,"column":0},"end":{"line":64,"column":3}},"42":{"start":{"line":62,"column":1},"end":{"line":62,"column":27}},"43":{"start":{"line":63,"column":2},"end":{"line":63,"column":41}},"44":{"start":{"line":66,"column":0},"end":{"line":68,"column":3}},"45":{"start":{"line":67,"column":1},"end":{"line":67,"column":43}},"46":{"start":{"line":70,"column":0},"end":{"line":72,"column":3}},"47":{"start":{"line":71,"column":1},"end":{"line":71,"column":46}},"48":{"start":{"line":74,"column":0},"end":{"line":74,"column":24}}},"branchMap":{"1":{"line":9,"type":"if","locations":[{"start":{"line":9,"column":2},"end":{"line":9,"column":2}},{"start":{"line":9,"column":2},"end":{"line":9,"column":2}}]},"2":{"line":15,"type":"if","locations":[{"start":{"line":15,"column":2},"end":{"line":15,"column":2}},{"start":{"line":15,"column":2},"end":{"line":15,"column":2}}]},"3":{"line":15,"type":"binary-expr","locations":[{"start":{"line":15,"column":6},"end":{"line":15,"column":27}},{"start":{"line":15,"column":31},"end":{"line":15,"column":45}}]},"4":{"line":24,"type":"if","locations":[{"start":{"line":24,"column":2},"end":{"line":24,"column":2}},{"start":{"line":24,"column":2},"end":{"line":24,"column":2}}]},"5":{"line":36,"type":"if","locations":[{"start":{"line":36,"column":2},"end":{"line":36,"column":2}},{"start":{"line":36,"column":2},"end":{"line":36,"column":2}}]},"6":{"line":40,"type":"if","locations":[{"start":{"line":40,"column":2},"end":{"line":40,"column":2}},{"start":{"line":40,"column":2},"end":{"line":40,"column":2}}]},"7":{"line":44,"type":"if","locations":[{"start":{"line":44,"column":2},"end":{"line":44,"column":2}},{"start":{"line":44,"column":2},"end":{"line":44,"column":2}}]},"8":{"line":48,"type":"if","locations":[{"start":{"line":48,"column":2},"end":{"line":48,"column":2}},{"start":{"line":48,"column":2},"end":{"line":48,"column":2}}]},"9":{"line":48,"type":"binary-expr","locations":[{"start":{"line":48,"column":5},"end":{"line":48,"column":22}},{"start":{"line":48,"column":26},"end":{"line":48,"column":41}},{"start":{"line":48,"column":45},"end":{"line":48,"column":61}}]}}}}