TN:
SF:C:\Users\Kane\Desktop\WEBS5_BP\WEBS5_BierPlezier\app.js
FN:56,(anonymous_1)
FN:77,(anonymous_2)
FN:85,(anonymous_3)
FN:94,(anonymous_4)
FNF:4
FNH:1
FNDA:30,(anonymous_1)
FNDA:0,(anonymous_2)
FNDA:0,(anonymous_3)
FNDA:0,(anonymous_4)
DA:1,1
DA:2,1
DA:3,1
DA:4,1
DA:5,1
DA:6,1
DA:7,1
DA:8,1
DA:10,1
DA:12,1
DA:13,1
DA:14,1
DA:15,1
DA:16,0
DA:18,1
DA:20,1
DA:21,1
DA:22,1
DA:24,1
DA:25,1
DA:26,1
DA:28,1
DA:29,1
DA:31,1
DA:32,1
DA:33,1
DA:35,1
DA:36,1
DA:37,1
DA:39,1
DA:40,1
DA:41,1
DA:42,1
DA:43,1
DA:52,1
DA:53,1
DA:56,1
DA:57,30
DA:61,30
DA:62,30
DA:63,30
DA:65,30
DA:66,30
DA:67,30
DA:69,30
DA:72,1
DA:73,1
DA:74,1
DA:77,1
DA:78,0
DA:79,0
DA:80,0
DA:84,1
DA:85,0
DA:86,0
DA:87,0
DA:94,1
DA:95,0
DA:96,0
DA:102,1
LF:60
LH:51
BRDA:13,1,0,1
BRDA:13,1,1,0
BRDA:65,2,0,0
BRDA:65,2,1,30
BRDA:66,3,0,0
BRDA:66,3,1,30
BRDA:67,4,0,0
BRDA:67,4,1,30
BRDA:84,5,0,0
BRDA:84,5,1,1
BRDA:86,6,0,0
BRDA:86,6,1,0
BRDA:95,7,0,0
BRDA:95,7,1,0
BRF:14
BRH:5
end_of_record
TN:
SF:C:\Users\Kane\Desktop\WEBS5_BP\WEBS5_BierPlezier\config\config.js
FNF:0
FNH:0
DA:1,1
LF:1
LH:1
BRF:0
BRH:0
end_of_record
TN:
SF:C:\Users\Kane\Desktop\WEBS5_BP\WEBS5_BierPlezier\models\race.js
FN:1,(anonymous_1)
FNF:1
FNH:1
FNDA:1,(anonymous_1)
DA:1,1
DA:3,1
DA:12,1
DA:13,1
DA:16,1
LF:5
LH:5
BRF:0
BRH:0
end_of_record
TN:
SF:C:\Users\Kane\Desktop\WEBS5_BP\WEBS5_BierPlezier\models\user.js
FN:3,(anonymous_1)
FN:26,(anonymous_2)
FN:30,(anonymous_3)
FN:34,(anonymous_4)
FNF:4
FNH:4
FNDA:1,(anonymous_1)
FNDA:1,(anonymous_2)
FNDA:1,(anonymous_3)
FNDA:26,(anonymous_4)
DA:1,1
DA:3,1
DA:5,1
DA:26,1
DA:27,1
DA:30,1
DA:31,1
DA:34,1
DA:35,26
DA:36,26
DA:37,0
DA:39,26
DA:40,26
DA:43,1
DA:44,1
DA:47,1
LF:16
LH:15
BRDA:36,1,0,0
BRDA:36,1,1,26
BRDA:36,2,0,26
BRDA:36,2,1,0
BRF:4
BRH:2
end_of_record
TN:
SF:C:\Users\Kane\Desktop\WEBS5_BP\WEBS5_BierPlezier\models\waypoint.js
FN:1,(anonymous_1)
FNF:1
FNH:1
FNDA:1,(anonymous_1)
DA:1,1
DA:3,1
DA:11,1
DA:12,1
DA:15,1
LF:5
LH:5
BRF:0
BRH:0
end_of_record
TN:
SF:C:\Users\Kane\Desktop\WEBS5_BP\WEBS5_BierPlezier\config\passport.js
FN:8,(anonymous_1)
FN:16,(anonymous_2)
FN:19,(anonymous_3)
FN:31,(anonymous_4)
FN:33,(anonymous_5)
FN:35,(anonymous_6)
FN:50,(anonymous_7)
FN:64,(anonymous_8)
FN:68,(anonymous_9)
FN:69,(anonymous_10)
FN:87,(anonymous_11)
FN:89,(anonymous_12)
FN:92,(anonymous_13)
FN:111,(anonymous_14)
FNF:14
FNH:10
FNDA:1,(anonymous_1)
FNDA:1,(anonymous_2)
FNDA:1,(anonymous_3)
FNDA:1,(anonymous_4)
FNDA:1,(anonymous_5)
FNDA:1,(anonymous_6)
FNDA:1,(anonymous_7)
FNDA:2,(anonymous_8)
FNDA:17,(anonymous_9)
FNDA:17,(anonymous_10)
FNDA:0,(anonymous_11)
FNDA:0,(anonymous_12)
FNDA:0,(anonymous_13)
FNDA:0,(anonymous_14)
DA:1,1
DA:2,1
DA:3,1
DA:4,1
DA:5,1
DA:8,1
DA:10,1
DA:16,1
DA:19,1
DA:21,1
DA:22,0
DA:23,1
DA:24,0
DA:26,1
DA:31,1
DA:33,1
DA:35,1
DA:37,1
DA:38,0
DA:39,0
DA:42,1
DA:43,0
DA:44,0
DA:47,1
DA:48,1
DA:49,1
DA:50,1
DA:51,1
DA:52,0
DA:53,0
DA:55,1
DA:56,1
DA:61,1
DA:64,1
DA:65,2
DA:68,1
DA:69,17
DA:70,17
DA:77,1
DA:89,0
DA:92,0
DA:94,0
DA:95,0
DA:98,0
DA:99,0
DA:102,0
DA:105,0
DA:106,0
DA:107,0
DA:108,0
DA:111,0
DA:112,0
DA:113,0
DA:116,0
DA:125,1
DA:128,1
LF:56
LH:33
BRDA:21,1,0,0
BRDA:21,1,1,1
BRDA:23,2,0,0
BRDA:23,2,1,1
BRDA:23,3,0,1
BRDA:23,3,1,1
BRDA:37,4,0,0
BRDA:37,4,1,1
BRDA:42,5,0,0
BRDA:42,5,1,1
BRDA:51,6,0,0
BRDA:51,6,1,1
BRDA:94,7,0,0
BRDA:94,7,1,0
BRDA:98,8,0,0
BRDA:98,8,1,0
BRDA:112,9,0,0
BRDA:112,9,1,0
BRF:18
BRH:7
end_of_record
TN:
SF:C:\Users\Kane\Desktop\WEBS5_BP\WEBS5_BierPlezier\config\auth.js
FNF:0
FNH:0
DA:1,1
LF:1
LH:1
BRF:0
BRH:0
end_of_record
TN:
SF:C:\Users\Kane\Desktop\WEBS5_BP\WEBS5_BierPlezier\routes\races.js
FN:5,(anonymous_1)
FN:10,(anonymous_2)
FN:16,(anonymous_3)
FN:23,(anonymous_4)
FN:25,(anonymous_5)
FN:31,(anonymous_6)
FN:33,(anonymous_7)
FN:39,(anonymous_8)
FN:40,(anonymous_9)
FN:46,(anonymous_10)
FN:52,(anonymous_11)
FN:53,(anonymous_12)
FN:59,(anonymous_13)
FN:62,(anonymous_14)
FN:69,(anonymous_15)
FN:78,(anonymous_16)
FN:81,(anonymous_17)
FN:88,(anonymous_18)
FN:100,(anonymous_19)
FN:104,(anonymous_20)
FN:110,(anonymous_21)
FN:112,(anonymous_22)
FN:115,(anonymous_23)
FN:119,(anonymous_24)
FN:127,(anonymous_25)
FN:133,(anonymous_26)
FN:142,(anonymous_27)
FN:150,(anonymous_28)
FN:154,(anonymous_29)
FN:159,(anonymous_30)
FN:169,(anonymous_31)
FN:173,(anonymous_32)
FN:179,(anonymous_33)
FN:182,(anonymous_34)
FN:186,(anonymous_35)
FN:195,(anonymous_36)
FN:198,(anonymous_37)
FN:206,(anonymous_38)
FN:210,(anonymous_39)
FN:216,(anonymous_40)
FN:219,(anonymous_41)
FN:223,(anonymous_42)
FN:230,(anonymous_43)
FN:233,(anonymous_44)
FN:243,(anonymous_45)
FNF:45
FNH:38
FNDA:1,(anonymous_1)
FNDA:2,(anonymous_2)
FNDA:4,(anonymous_3)
FNDA:1,(anonymous_4)
FNDA:1,(anonymous_5)
FNDA:1,(anonymous_6)
FNDA:1,(anonymous_7)
FNDA:1,(anonymous_8)
FNDA:1,(anonymous_9)
FNDA:1,(anonymous_10)
FNDA:2,(anonymous_11)
FNDA:2,(anonymous_12)
FNDA:1,(anonymous_13)
FNDA:1,(anonymous_14)
FNDA:1,(anonymous_15)
FNDA:1,(anonymous_16)
FNDA:1,(anonymous_17)
FNDA:1,(anonymous_18)
FNDA:1,(anonymous_19)
FNDA:1,(anonymous_20)
FNDA:1,(anonymous_21)
FNDA:1,(anonymous_22)
FNDA:1,(anonymous_23)
FNDA:1,(anonymous_24)
FNDA:1,(anonymous_25)
FNDA:1,(anonymous_26)
FNDA:1,(anonymous_27)
FNDA:1,(anonymous_28)
FNDA:1,(anonymous_29)
FNDA:1,(anonymous_30)
FNDA:0,(anonymous_31)
FNDA:0,(anonymous_32)
FNDA:0,(anonymous_33)
FNDA:0,(anonymous_34)
FNDA:0,(anonymous_35)
FNDA:0,(anonymous_36)
FNDA:0,(anonymous_37)
FNDA:1,(anonymous_38)
FNDA:1,(anonymous_39)
FNDA:1,(anonymous_40)
FNDA:1,(anonymous_41)
FNDA:1,(anonymous_42)
FNDA:1,(anonymous_43)
FNDA:1,(anonymous_44)
FNDA:1,(anonymous_45)
DA:1,1
DA:2,1
DA:5,1
DA:7,1
DA:8,1
DA:9,1
DA:10,1
DA:11,2
DA:12,2
DA:13,0
DA:16,1
DA:17,4
DA:18,4
DA:19,0
DA:22,1
DA:25,1
DA:26,1
DA:28,1
DA:32,1
DA:33,1
DA:34,1
DA:36,1
DA:40,1
DA:41,1
DA:42,1
DA:46,1
DA:47,1
DA:48,1
DA:51,1
DA:53,2
DA:54,2
DA:56,2
DA:60,1
DA:63,1
DA:65,1
DA:66,1
DA:69,1
DA:70,1
DA:72,1
DA:78,1
DA:79,1
DA:82,1
DA:84,1
DA:89,1
DA:91,1
DA:92,1
DA:94,0
DA:99,1
DA:101,1
DA:105,1
DA:107,1
DA:111,1
DA:112,1
DA:113,1
DA:115,1
DA:116,1
DA:118,1
DA:119,1
DA:120,1
DA:122,1
DA:128,1
DA:134,1
DA:136,1
DA:137,1
DA:138,1
DA:139,1
DA:142,1
DA:143,1
DA:145,1
DA:150,1
DA:151,1
DA:154,1
DA:155,1
DA:160,1
DA:162,1
DA:163,1
DA:165,0
DA:168,1
DA:170,0
DA:174,0
DA:176,0
DA:180,0
DA:181,0
DA:182,0
DA:183,0
DA:185,0
DA:186,0
DA:187,0
DA:189,0
DA:194,1
DA:196,0
DA:197,0
DA:198,0
DA:199,0
DA:201,0
DA:205,1
DA:207,1
DA:211,1
DA:213,1
DA:217,1
DA:220,1
DA:222,1
DA:223,1
DA:224,1
DA:226,1
DA:231,1
DA:234,1
DA:235,1
DA:237,1
DA:238,7
DA:239,0
DA:240,0
DA:243,1
DA:244,1
DA:246,1
DA:250,1
LF:116
LH:94
BRDA:11,1,0,2
BRDA:11,1,1,0
BRDA:17,2,0,4
BRDA:17,2,1,0
BRDA:17,3,0,4
BRDA:17,3,1,4
BRDA:26,4,0,0
BRDA:26,4,1,1
BRDA:34,5,0,1
BRDA:34,5,1,0
BRDA:41,6,0,0
BRDA:41,6,1,1
BRDA:54,7,0,0
BRDA:54,7,1,2
BRDA:63,8,0,0
BRDA:63,8,1,1
BRDA:70,9,0,0
BRDA:70,9,1,1
BRDA:82,10,0,0
BRDA:82,10,1,1
BRDA:89,11,0,0
BRDA:89,11,1,1
BRDA:91,12,0,1
BRDA:91,12,1,0
BRDA:105,13,0,0
BRDA:105,13,1,1
BRDA:113,14,0,1
BRDA:113,14,1,0
BRDA:116,15,0,0
BRDA:116,15,1,1
BRDA:120,16,0,0
BRDA:120,16,1,1
BRDA:134,17,0,0
BRDA:134,17,1,1
BRDA:137,18,0,1
BRDA:137,18,1,0
BRDA:143,19,0,0
BRDA:143,19,1,1
BRDA:160,20,0,0
BRDA:160,20,1,1
BRDA:162,21,0,1
BRDA:162,21,1,0
BRDA:174,22,0,0
BRDA:174,22,1,0
BRDA:183,23,0,0
BRDA:183,23,1,0
BRDA:187,24,0,0
BRDA:187,24,1,0
BRDA:199,25,0,0
BRDA:199,25,1,0
BRDA:211,26,0,0
BRDA:211,26,1,1
BRDA:220,27,0,0
BRDA:220,27,1,1
BRDA:224,28,0,0
BRDA:224,28,1,1
BRDA:235,29,0,0
BRDA:235,29,1,1
BRDA:238,30,0,0
BRDA:238,30,1,7
BRDA:244,31,0,0
BRDA:244,31,1,1
BRF:62
BRH:28
end_of_record
TN:
SF:C:\Users\Kane\Desktop\WEBS5_BP\WEBS5_BierPlezier\routes\users.js
FN:5,ensureAuthenticated
FN:10,(anonymous_2)
FN:12,(anonymous_3)
FN:16,(anonymous_4)
FN:29,(anonymous_5)
FN:34,(anonymous_6)
FN:40,(anonymous_7)
FNF:7
FNH:4
FNDA:0,ensureAuthenticated
FNDA:1,(anonymous_2)
FNDA:1,(anonymous_3)
FNDA:1,(anonymous_4)
FNDA:0,(anonymous_5)
FNDA:1,(anonymous_6)
FNDA:0,(anonymous_7)
DA:1,1
DA:2,1
DA:3,1
DA:5,1
DA:6,0
DA:7,0
DA:10,1
DA:12,1
DA:13,1
DA:16,1
DA:17,1
DA:21,1
DA:24,1
DA:27,1
DA:31,0
DA:34,1
DA:35,1
DA:36,1
DA:40,1
DA:41,0
DA:43,1
LF:21
LH:17
BRDA:6,1,0,0
BRDA:6,1,1,0
BRF:2
BRH:0
end_of_record
TN:
SF:C:\Users\Kane\Desktop\WEBS5_BP\WEBS5_BierPlezier\routes\index.js
FN:8,(anonymous_1)
FN:14,(anonymous_2)
FN:23,(anonymous_3)
FN:31,(anonymous_4)
FN:35,(anonymous_5)
FN:52,(anonymous_6)
FN:56,(anonymous_7)
FN:61,(anonymous_8)
FN:66,(anonymous_9)
FN:70,(anonymous_10)
FNF:10
FNH:7
FNDA:2,(anonymous_1)
FNDA:0,(anonymous_2)
FNDA:4,(anonymous_3)
FNDA:1,(anonymous_4)
FNDA:4,(anonymous_5)
FNDA:1,(anonymous_6)
FNDA:0,(anonymous_7)
FNDA:0,(anonymous_8)
FNDA:1,(anonymous_9)
FNDA:1,(anonymous_10)
DA:1,1
DA:2,1
DA:3,1
DA:4,1
DA:5,1
DA:6,1
DA:8,1
DA:9,2
DA:10,1
DA:11,1
DA:14,1
DA:15,0
DA:16,0
DA:18,0
DA:19,0
DA:23,1
DA:24,4
DA:25,2
DA:27,2
DA:28,2
DA:31,1
DA:32,1
DA:35,1
DA:36,4
DA:37,1
DA:38,1
DA:40,4
DA:41,1
DA:42,1
DA:44,4
DA:45,1
DA:46,1
DA:48,4
DA:49,1
DA:52,1
DA:53,1
DA:54,1
DA:56,1
DA:57,0
DA:58,0
DA:61,1
DA:62,0
DA:63,0
DA:66,1
DA:67,1
DA:70,1
DA:71,1
DA:74,1
LF:48
LH:40
BRDA:9,1,0,1
BRDA:9,1,1,1
BRDA:15,2,0,0
BRDA:15,2,1,0
BRDA:15,3,0,0
BRDA:15,3,1,0
BRDA:24,4,0,2
BRDA:24,4,1,2
BRDA:36,5,0,1
BRDA:36,5,1,3
BRDA:40,6,0,1
BRDA:40,6,1,3
BRDA:44,7,0,1
BRDA:44,7,1,3
BRDA:48,8,0,1
BRDA:48,8,1,3
BRDA:48,9,0,4
BRDA:48,9,1,3
BRDA:48,9,2,2
BRF:19
BRH:15
end_of_record
